# HELP go_gc_duration_seconds A summary of the pause duration of garbage collection cycles.
# TYPE go_gc_duration_seconds summary
go_gc_duration_seconds{quantile="0"} 0
go_gc_duration_seconds{quantile="0.25"} 0
go_gc_duration_seconds{quantile="0.5"} 0
go_gc_duration_seconds{quantile="0.75"} 0
go_gc_duration_seconds{quantile="1"} 0.001021
go_gc_duration_seconds_sum 0.003652
go_gc_duration_seconds_count 55
# HELP go_goroutines Number of goroutines that currently exist.
# TYPE go_goroutines gauge
go_goroutines 10
# HELP go_info Information about the Go environment.
# TYPE go_info gauge
go_info{version="go1.20.2"} 1
# HELP go_memstats_alloc_bytes Number of bytes allocated and still in use.
# TYPE go_memstats_alloc_bytes gauge
go_memstats_alloc_bytes 1.3204744e+07
# HELP go_memstats_alloc_bytes_total Total number of bytes allocated, even if freed.
# TYPE go_memstats_alloc_bytes_total counter
go_memstats_alloc_bytes_total 2.34095824e+08
# HELP go_memstats_buck_hash_sys_bytes Number of bytes used by the profiling bucket hash table.
# TYPE go_memstats_buck_hash_sys_bytes gauge
go_memstats_buck_hash_sys_bytes 1.494747e+06
# HELP go_memstats_frees_total Total number of frees.
# TYPE go_memstats_frees_total counter
go_memstats_frees_total 180414
# HELP go_memstats_gc_sys_bytes Number of bytes used for garbage collection system metadata.
# TYPE go_memstats_gc_sys_bytes gauge
go_memstats_gc_sys_bytes 7.747064e+06
# HELP go_memstats_heap_alloc_bytes Number of heap bytes allocated and still in use.
# TYPE go_memstats_heap_alloc_bytes gauge
go_memstats_heap_alloc_bytes 1.3204744e+07
# HELP go_memstats_heap_idle_bytes Number of heap bytes waiting to be used.
# TYPE go_memstats_heap_idle_bytes gauge
go_memstats_heap_idle_bytes 8.994816e+06
# HELP go_memstats_heap_inuse_bytes Number of heap bytes that are in use.
# TYPE go_memstats_heap_inuse_bytes gauge
go_memstats_heap_inuse_bytes 1.5876096e+07
# HELP go_memstats_heap_objects Number of allocated objects.
# TYPE go_memstats_heap_objects gauge
go_memstats_heap_objects 232744
# HELP go_memstats_heap_released_bytes Number of heap bytes released to OS.
# TYPE go_memstats_heap_released_bytes gauge
go_memstats_heap_released_bytes 5.398528e+06
# HELP go_memstats_heap_sys_bytes Number of heap bytes obtained from system.
# TYPE go_memstats_heap_sys_bytes gauge
go_memstats_heap_sys_bytes 2.4870912e+07
# HELP go_memstats_last_gc_time_seconds Number of seconds since 1970 of last garbage collection.
# TYPE go_memstats_last_gc_time_seconds gauge
go_memstats_last_gc_time_seconds 1.6832052832327034e+09
# HELP go_memstats_lookups_total Total number of pointer lookups.
# TYPE go_memstats_lookups_total counter
go_memstats_lookups_total 0
# HELP go_memstats_mallocs_total Total number of mallocs.
# TYPE go_memstats_mallocs_total counter
go_memstats_mallocs_total 413158
# HELP go_memstats_mcache_inuse_bytes Number of bytes in use by mcache structures.
# TYPE go_memstats_mcache_inuse_bytes gauge
go_memstats_mcache_inuse_bytes 14016
# HELP go_memstats_mcache_sys_bytes Number of bytes used for mcache structures obtained from system.
# TYPE go_memstats_mcache_sys_bytes gauge
go_memstats_mcache_sys_bytes 16352
# HELP go_memstats_mspan_inuse_bytes Number of bytes in use by mspan structures.
# TYPE go_memstats_mspan_inuse_bytes gauge
go_memstats_mspan_inuse_bytes 319040
# HELP go_memstats_mspan_sys_bytes Number of bytes used for mspan structures obtained from system.
# TYPE go_memstats_mspan_sys_bytes gauge
go_memstats_mspan_sys_bytes 326400
# HELP go_memstats_next_gc_bytes Number of heap bytes when next garbage collection will take place.
# TYPE go_memstats_next_gc_bytes gauge
go_memstats_next_gc_bytes 2.3301544e+07
# HELP go_memstats_other_sys_bytes Number of bytes used for other system allocations.
# TYPE go_memstats_other_sys_bytes gauge
go_memstats_other_sys_bytes 2.156069e+06
# HELP go_memstats_stack_inuse_bytes Number of bytes in use by the stack allocator.
# TYPE go_memstats_stack_inuse_bytes gauge
go_memstats_stack_inuse_bytes 294912
# HELP go_memstats_stack_sys_bytes Number of bytes obtained from system for stack allocator.
# TYPE go_memstats_stack_sys_bytes gauge
go_memstats_stack_sys_bytes 294912
# HELP go_memstats_sys_bytes Number of bytes obtained from system.
# TYPE go_memstats_sys_bytes gauge
go_memstats_sys_bytes 3.6906456e+07
# HELP go_threads Number of OS threads created.
# TYPE go_threads gauge
go_threads 17
# HELP process_cpu_seconds_total Total user and system CPU time spent in seconds.
# TYPE process_cpu_seconds_total counter
process_cpu_seconds_total 5.671875
# HELP process_max_fds Maximum number of open file descriptors.
# TYPE process_max_fds gauge
process_max_fds 1.6777216e+07
# HELP process_open_fds Number of open file descriptors.
# TYPE process_open_fds gauge
process_open_fds 1388
# HELP process_resident_memory_bytes Resident memory size in bytes.
# TYPE process_resident_memory_bytes gauge
process_resident_memory_bytes 8.728576e+07
# HELP process_start_time_seconds Start time of the process since unix epoch in seconds.
# TYPE process_start_time_seconds gauge
process_start_time_seconds 1.683205247e+09
# HELP process_virtual_memory_bytes Virtual memory size in bytes.
# TYPE process_virtual_memory_bytes gauge
process_virtual_memory_bytes 8.8367104e+07
# HELP windows_exporter_build_info A metric with a constant '1' value labeled by version, revision, branch, goversion from which windows_exporter was built, and the goos and goarch for the build.
# TYPE windows_exporter_build_info gauge
windows_exporter_build_info{branch="heads/tags/v0.22.0",goarch="amd64",goos="windows",goversion="go1.20.2",revision="b29434c7c057e8616880cacf99d59793289e3e88",tags="unknown",version="0.22.0"} 1
# HELP windows_exporter_collector_duration_seconds windows_exporter: Duration of a collection.
# TYPE windows_exporter_collector_duration_seconds gauge
windows_exporter_collector_duration_seconds{collector="service"} 1.1581634
# HELP windows_exporter_collector_success windows_exporter: Whether the collector was successful.
# TYPE windows_exporter_collector_success gauge
windows_exporter_collector_success{collector="service"} 1
# HELP windows_exporter_collector_timeout windows_exporter: Whether the collector timed out.
# TYPE windows_exporter_collector_timeout gauge
windows_exporter_collector_timeout{collector="service"} 0
# HELP windows_exporter_perflib_snapshot_duration_seconds Duration of perflib snapshot capture
# TYPE windows_exporter_perflib_snapshot_duration_seconds gauge
windows_exporter_perflib_snapshot_duration_seconds 13.450925
# HELP windows_service_info A metric with a constant '1' value labeled with service information
# TYPE windows_service_info gauge
windows_service_info{display_name="DVG Camel Orchestrator",name="dvg camel orchestrator",process_id="19496",run_as="LocalSystem"} 1
# HELP windows_service_start_mode The start mode of the service (StartMode)
# TYPE windows_service_start_mode gauge
windows_service_start_mode{name="dvg camel orchestrator",start_mode="auto"} 1
windows_service_start_mode{name="dvg camel orchestrator",start_mode="boot"} 0
windows_service_start_mode{name="dvg camel orchestrator",start_mode="disabled"} 0
windows_service_start_mode{name="dvg camel orchestrator",start_mode="manual"} 0
windows_service_start_mode{name="dvg camel orchestrator",start_mode="system"} 0
# HELP windows_service_state The state of the service (State)
# TYPE windows_service_state gauge
windows_service_state{name="dvg camel orchestrator",state="continue pending"} 0
windows_service_state{name="dvg camel orchestrator",state="pause pending"} 0
windows_service_state{name="dvg camel orchestrator",state="paused"} 0
windows_service_state{name="dvg camel orchestrator",state="running"} 1
windows_service_state{name="dvg camel orchestrator",state="start pending"} 0
windows_service_state{name="dvg camel orchestrator",state="stop pending"} 0
windows_service_state{name="dvg camel orchestrator",state="stopped"} 0
windows_service_state{name="dvg camel orchestrator",state="unknown"} 0
# HELP windows_service_status The status of the service (Status)
# TYPE windows_service_status gauge
windows_service_status{name="dvg camel orchestrator",status="degraded"} 0
windows_service_status{name="dvg camel orchestrator",status="error"} 0
windows_service_status{name="dvg camel orchestrator",status="lost comm"} 0
windows_service_status{name="dvg camel orchestrator",status="no contact"} 0
windows_service_status{name="dvg camel orchestrator",status="nonrecover"} 0
windows_service_status{name="dvg camel orchestrator",status="ok"} 1
windows_service_status{name="dvg camel orchestrator",status="pred fail"} 0
windows_service_status{name="dvg camel orchestrator",status="service"} 0
windows_service_status{name="dvg camel orchestrator",status="starting"} 0
windows_service_status{name="dvg camel orchestrator",status="stopping"} 0
windows_service_status{name="dvg camel orchestrator",status="stressed"} 0
windows_service_status{name="dvg camel orchestrator",status="unknown"} 0